[2021-07-23 09:42:50.063] [exthost] [info] extension host started
[2021-07-23 09:42:50.093] [exthost] [info] ExtensionService#_doActivateExtension vscode.debug-auto-launch {"startup":true,"extensionId":{"value":"vscode.debug-auto-launch","_lower":"vscode.debug-auto-launch"},"activationEvent":"*"}
[2021-07-23 09:42:50.093] [exthost] [info] ExtensionService#loadCommonJSModule file:///usr/lib/code/extensions/debug-auto-launch/dist/extension
[2021-07-23 09:42:50.095] [exthost] [info] ExtensionService#_doActivateExtension vscode.git {"startup":true,"extensionId":{"value":"vscode.github","_lower":"vscode.github"},"activationEvent":"*"}
[2021-07-23 09:42:50.095] [exthost] [info] ExtensionService#loadCommonJSModule file:///usr/lib/code/extensions/git/dist/main
[2021-07-23 09:42:50.107] [exthost] [info] ExtensionService#_doActivateExtension slevesque.shader {"startup":true,"extensionId":{"value":"CADENAS.vscode-glsllint","_lower":"cadenas.vscode-glsllint"},"activationEvent":"*"}
[2021-07-23 09:42:50.107] [exthost] [info] ExtensionService#loadCommonJSModule file:///home/gergoo007/.vscode-oss/extensions/slevesque.shader-1.1.5/out/extension
[2021-07-23 09:42:50.439] [exthost] [info] ExtensionService#_doActivateExtension Equinusocio.vsc-material-theme {"startup":true,"extensionId":{"value":"Equinusocio.vsc-material-theme","_lower":"equinusocio.vsc-material-theme"},"activationEvent":"*"}
[2021-07-23 09:42:50.439] [exthost] [info] ExtensionService#loadCommonJSModule file:///home/gergoo007/.vscode-oss/extensions/equinusocio.vsc-material-theme-33.2.2/build/material.theme.config
[2021-07-23 09:42:50.442] [exthost] [info] ExtensionService#_doActivateExtension equinusocio.vsc-material-theme-icons {"startup":true,"extensionId":{"value":"equinusocio.vsc-material-theme-icons","_lower":"equinusocio.vsc-material-theme-icons"},"activationEvent":"*"}
[2021-07-23 09:42:50.442] [exthost] [info] ExtensionService#loadCommonJSModule file:///home/gergoo007/.vscode-oss/extensions/equinusocio.vsc-material-theme-icons-2.0.0/out/src/extension
[2021-07-23 09:42:50.446] [exthost] [info] ExtensionService#_doActivateExtension icrawl.discord-vscode {"startup":true,"extensionId":{"value":"icrawl.discord-vscode","_lower":"icrawl.discord-vscode"},"activationEvent":"*"}
[2021-07-23 09:42:50.446] [exthost] [info] ExtensionService#loadCommonJSModule file:///home/gergoo007/.vscode-oss/extensions/icrawl.discord-vscode-5.6.3/dist/extension
[2021-07-23 09:42:50.500] [exthost] [info] ExtensionService#_doActivateExtension ms-vscode.js-debug {"startup":false,"extensionId":{"value":"ms-vscode.js-debug","_lower":"ms-vscode.js-debug"},"activationEvent":"onCommand:extension.js-debug.clearAutoAttachVariables"}
[2021-07-23 09:42:50.500] [exthost] [info] ExtensionService#loadCommonJSModule file:///usr/lib/code/extensions/ms-vscode.js-debug/src/extension.js
[2021-07-23 09:42:50.573] [exthost] [info] ExtensionService#_doActivateExtension vscode.github {"startup":false,"extensionId":{"value":"vscode.github","_lower":"vscode.github"},"activationEvent":"*"}
[2021-07-23 09:42:50.573] [exthost] [info] ExtensionService#loadCommonJSModule file:///usr/lib/code/extensions/github/dist/extension.js
[2021-07-23 09:42:50.574] [exthost] [info] ExtensionService#_doActivateExtension CADENAS.vscode-glsllint {"startup":false,"extensionId":{"value":"CADENAS.vscode-glsllint","_lower":"cadenas.vscode-glsllint"},"activationEvent":"*"}
[2021-07-23 09:42:50.574] [exthost] [info] ExtensionService#loadCommonJSModule file:///home/gergoo007/.vscode-oss/extensions/cadenas.vscode-glsllint-1.4.0/dist/extension
[2021-07-23 09:42:50.648] [exthost] [info] eager extensions activated
[2021-07-23 09:42:50.658] [exthost] [info] ExtensionService#_doActivateExtension vscode.emmet {"startup":false,"extensionId":{"value":"vscode.emmet","_lower":"vscode.emmet"},"activationEvent":"onStartupFinished"}
[2021-07-23 09:42:50.658] [exthost] [info] ExtensionService#loadCommonJSModule file:///usr/lib/code/extensions/emmet/dist/node/emmetNodeMain
[2021-07-23 09:42:50.662] [exthost] [info] ExtensionService#_doActivateExtension vscode.merge-conflict {"startup":false,"extensionId":{"value":"vscode.merge-conflict","_lower":"vscode.merge-conflict"},"activationEvent":"onStartupFinished"}
[2021-07-23 09:42:50.662] [exthost] [info] ExtensionService#loadCommonJSModule file:///usr/lib/code/extensions/merge-conflict/dist/mergeConflictMain
[2021-07-23 09:42:50.663] [exthost] [info] ExtensionService#_doActivateExtension vscode.testing-editor-contributions {"startup":false,"extensionId":{"value":"vscode.testing-editor-contributions","_lower":"vscode.testing-editor-contributions"},"activationEvent":"onStartupFinished"}
[2021-07-23 09:42:50.663] [exthost] [info] ExtensionService#loadCommonJSModule file:///usr/lib/code/extensions/testing-editor-contributions/dist/extension.js
[2021-07-23 09:42:50.664] [exthost] [info] ExtensionService#_doActivateExtension esbenp.prettier-vscode {"startup":false,"extensionId":{"value":"esbenp.prettier-vscode","_lower":"esbenp.prettier-vscode"},"activationEvent":"onStartupFinished"}
[2021-07-23 09:42:50.664] [exthost] [info] ExtensionService#loadCommonJSModule file:///home/gergoo007/.vscode-oss/extensions/esbenp.prettier-vscode-6.4.0/dist/extension
[2021-07-23 09:42:50.700] [exthost] [info] ExtensionService#_doActivateExtension usernamehw.errorlens {"startup":false,"extensionId":{"value":"usernamehw.errorlens","_lower":"usernamehw.errorlens"},"activationEvent":"onStartupFinished"}
[2021-07-23 09:42:50.700] [exthost] [info] ExtensionService#loadCommonJSModule file:///home/gergoo007/.vscode-oss/extensions/usernamehw.errorlens-3.2.7/dist/extension
[2021-07-23 09:43:02.579] [exthost] [info] extension host terminating: received terminate message from renderer
[2021-07-23 09:43:03.590] [exthost] [info] exiting with code 0
[2021-07-23 09:43:03.640] [exthost] [info] extension host started
[2021-07-23 09:43:03.694] [exthost] [info] ExtensionService#_doActivateExtension aaron-bond.better-comments {"startup":false,"extensionId":{"value":"aaron-bond.better-comments","_lower":"aaron-bond.better-comments"},"activationEvent":"onLanguage:plaintext"}
[2021-07-23 09:43:03.694] [exthost] [info] ExtensionService#loadCommonJSModule file:///home/gergoo007/.vscode-oss/extensions/aaron-bond.better-comments-2.1.0/out/extension
[2021-07-23 09:43:03.696] [exthost] [info] ExtensionService#_doActivateExtension vscode.debug-auto-launch {"startup":true,"extensionId":{"value":"vscode.debug-auto-launch","_lower":"vscode.debug-auto-launch"},"activationEvent":"*"}
[2021-07-23 09:43:03.696] [exthost] [info] ExtensionService#loadCommonJSModule file:///usr/lib/code/extensions/debug-auto-launch/dist/extension
[2021-07-23 09:43:03.697] [exthost] [info] ExtensionService#_doActivateExtension vscode.git {"startup":true,"extensionId":{"value":"vscode.github","_lower":"vscode.github"},"activationEvent":"*"}
[2021-07-23 09:43:03.698] [exthost] [info] ExtensionService#loadCommonJSModule file:///usr/lib/code/extensions/git/dist/main
[2021-07-23 09:43:03.710] [exthost] [info] ExtensionService#_doActivateExtension slevesque.shader {"startup":true,"extensionId":{"value":"CADENAS.vscode-glsllint","_lower":"cadenas.vscode-glsllint"},"activationEvent":"*"}
[2021-07-23 09:43:03.710] [exthost] [info] ExtensionService#loadCommonJSModule file:///home/gergoo007/.vscode-oss/extensions/slevesque.shader-1.1.5/out/extension
[2021-07-23 09:43:04.051] [exthost] [info] ExtensionService#_doActivateExtension Equinusocio.vsc-material-theme {"startup":true,"extensionId":{"value":"Equinusocio.vsc-material-theme","_lower":"equinusocio.vsc-material-theme"},"activationEvent":"*"}
[2021-07-23 09:43:04.051] [exthost] [info] ExtensionService#loadCommonJSModule file:///home/gergoo007/.vscode-oss/extensions/equinusocio.vsc-material-theme-33.2.2/build/material.theme.config
[2021-07-23 09:43:04.055] [exthost] [info] ExtensionService#_doActivateExtension equinusocio.vsc-material-theme-icons {"startup":true,"extensionId":{"value":"equinusocio.vsc-material-theme-icons","_lower":"equinusocio.vsc-material-theme-icons"},"activationEvent":"*"}
[2021-07-23 09:43:04.055] [exthost] [info] ExtensionService#loadCommonJSModule file:///home/gergoo007/.vscode-oss/extensions/equinusocio.vsc-material-theme-icons-2.0.0/out/src/extension
[2021-07-23 09:43:04.059] [exthost] [info] ExtensionService#_doActivateExtension icrawl.discord-vscode {"startup":true,"extensionId":{"value":"icrawl.discord-vscode","_lower":"icrawl.discord-vscode"},"activationEvent":"*"}
[2021-07-23 09:43:04.059] [exthost] [info] ExtensionService#loadCommonJSModule file:///home/gergoo007/.vscode-oss/extensions/icrawl.discord-vscode-5.6.3/dist/extension
[2021-07-23 09:43:04.126] [exthost] [info] ExtensionService#_doActivateExtension ms-vscode.js-debug {"startup":false,"extensionId":{"value":"ms-vscode.js-debug","_lower":"ms-vscode.js-debug"},"activationEvent":"onCommand:extension.js-debug.clearAutoAttachVariables"}
[2021-07-23 09:43:04.126] [exthost] [info] ExtensionService#loadCommonJSModule file:///usr/lib/code/extensions/ms-vscode.js-debug/src/extension.js
[2021-07-23 09:43:04.200] [exthost] [info] ExtensionService#_doActivateExtension vscode.github {"startup":false,"extensionId":{"value":"vscode.github","_lower":"vscode.github"},"activationEvent":"*"}
[2021-07-23 09:43:04.200] [exthost] [info] ExtensionService#loadCommonJSModule file:///usr/lib/code/extensions/github/dist/extension.js
[2021-07-23 09:43:04.202] [exthost] [info] ExtensionService#_doActivateExtension CADENAS.vscode-glsllint {"startup":false,"extensionId":{"value":"CADENAS.vscode-glsllint","_lower":"cadenas.vscode-glsllint"},"activationEvent":"*"}
[2021-07-23 09:43:04.202] [exthost] [info] ExtensionService#loadCommonJSModule file:///home/gergoo007/.vscode-oss/extensions/cadenas.vscode-glsllint-1.4.0/dist/extension
[2021-07-23 09:43:04.281] [exthost] [info] eager extensions activated
[2021-07-23 09:43:04.289] [exthost] [info] ExtensionService#_doActivateExtension vscode.emmet {"startup":false,"extensionId":{"value":"vscode.emmet","_lower":"vscode.emmet"},"activationEvent":"onStartupFinished"}
[2021-07-23 09:43:04.289] [exthost] [info] ExtensionService#loadCommonJSModule file:///usr/lib/code/extensions/emmet/dist/node/emmetNodeMain
[2021-07-23 09:43:04.292] [exthost] [info] ExtensionService#_doActivateExtension vscode.merge-conflict {"startup":false,"extensionId":{"value":"vscode.merge-conflict","_lower":"vscode.merge-conflict"},"activationEvent":"onStartupFinished"}
[2021-07-23 09:43:04.292] [exthost] [info] ExtensionService#loadCommonJSModule file:///usr/lib/code/extensions/merge-conflict/dist/mergeConflictMain
[2021-07-23 09:43:04.293] [exthost] [info] ExtensionService#_doActivateExtension vscode.testing-editor-contributions {"startup":false,"extensionId":{"value":"vscode.testing-editor-contributions","_lower":"vscode.testing-editor-contributions"},"activationEvent":"onStartupFinished"}
[2021-07-23 09:43:04.293] [exthost] [info] ExtensionService#loadCommonJSModule file:///usr/lib/code/extensions/testing-editor-contributions/dist/extension.js
[2021-07-23 09:43:04.294] [exthost] [info] ExtensionService#_doActivateExtension esbenp.prettier-vscode {"startup":false,"extensionId":{"value":"esbenp.prettier-vscode","_lower":"esbenp.prettier-vscode"},"activationEvent":"onStartupFinished"}
[2021-07-23 09:43:04.294] [exthost] [info] ExtensionService#loadCommonJSModule file:///home/gergoo007/.vscode-oss/extensions/esbenp.prettier-vscode-6.4.0/dist/extension
[2021-07-23 09:43:04.331] [exthost] [info] ExtensionService#_doActivateExtension usernamehw.errorlens {"startup":false,"extensionId":{"value":"usernamehw.errorlens","_lower":"usernamehw.errorlens"},"activationEvent":"onStartupFinished"}
[2021-07-23 09:43:04.331] [exthost] [info] ExtensionService#loadCommonJSModule file:///home/gergoo007/.vscode-oss/extensions/usernamehw.errorlens-3.2.7/dist/extension
[2021-07-23 09:43:08.981] [exthost] [info] ExtensionService#_doActivateExtension jasonlhy.hungry-delete {"startup":false,"extensionId":{"value":"jasonlhy.hungry-delete","_lower":"jasonlhy.hungry-delete"},"activationEvent":"onCommand:extension.smartBackspace"}
[2021-07-23 09:43:08.982] [exthost] [info] ExtensionService#loadCommonJSModule file:///home/gergoo007/.vscode-oss/extensions/jasonlhy.hungry-delete-1.6.0/out/src/extension
[2021-07-23 10:16:41.792] [exthost] [info] extension host terminating: received terminate message from renderer
[2021-07-23 10:16:42.798] [exthost] [info] exiting with code 0
