[2021-07-23 09:40:58.736] [exthost] [info] extension host started
[2021-07-23 09:40:58.762] [exthost] [info] ExtensionService#_doActivateExtension vscode.debug-auto-launch {"startup":true,"extensionId":{"value":"vscode.debug-auto-launch","_lower":"vscode.debug-auto-launch"},"activationEvent":"*"}
[2021-07-23 09:40:58.762] [exthost] [info] ExtensionService#loadCommonJSModule file:///usr/lib/code/extensions/debug-auto-launch/dist/extension
[2021-07-23 09:40:58.764] [exthost] [info] ExtensionService#_doActivateExtension vscode.git {"startup":true,"extensionId":{"value":"vscode.github","_lower":"vscode.github"},"activationEvent":"*"}
[2021-07-23 09:40:58.765] [exthost] [info] ExtensionService#loadCommonJSModule file:///usr/lib/code/extensions/git/dist/main
[2021-07-23 09:40:58.777] [exthost] [info] ExtensionService#_doActivateExtension slevesque.shader {"startup":true,"extensionId":{"value":"CADENAS.vscode-glsllint","_lower":"cadenas.vscode-glsllint"},"activationEvent":"*"}
[2021-07-23 09:40:58.777] [exthost] [info] ExtensionService#loadCommonJSModule file:///home/gergoo007/.vscode-oss/extensions/slevesque.shader-1.1.5/out/extension
[2021-07-23 09:40:59.120] [exthost] [info] ExtensionService#_doActivateExtension Equinusocio.vsc-material-theme {"startup":true,"extensionId":{"value":"Equinusocio.vsc-material-theme","_lower":"equinusocio.vsc-material-theme"},"activationEvent":"*"}
[2021-07-23 09:40:59.120] [exthost] [info] ExtensionService#loadCommonJSModule file:///home/gergoo007/.vscode-oss/extensions/equinusocio.vsc-material-theme-33.2.2/build/material.theme.config
[2021-07-23 09:40:59.124] [exthost] [info] ExtensionService#_doActivateExtension equinusocio.vsc-material-theme-icons {"startup":true,"extensionId":{"value":"equinusocio.vsc-material-theme-icons","_lower":"equinusocio.vsc-material-theme-icons"},"activationEvent":"*"}
[2021-07-23 09:40:59.124] [exthost] [info] ExtensionService#loadCommonJSModule file:///home/gergoo007/.vscode-oss/extensions/equinusocio.vsc-material-theme-icons-2.0.0/out/src/extension
[2021-07-23 09:40:59.127] [exthost] [info] ExtensionService#_doActivateExtension icrawl.discord-vscode {"startup":true,"extensionId":{"value":"icrawl.discord-vscode","_lower":"icrawl.discord-vscode"},"activationEvent":"*"}
[2021-07-23 09:40:59.127] [exthost] [info] ExtensionService#loadCommonJSModule file:///home/gergoo007/.vscode-oss/extensions/icrawl.discord-vscode-5.6.3/dist/extension
[2021-07-23 09:40:59.180] [exthost] [info] ExtensionService#_doActivateExtension ms-vscode.js-debug {"startup":false,"extensionId":{"value":"ms-vscode.js-debug","_lower":"ms-vscode.js-debug"},"activationEvent":"onCommand:extension.js-debug.clearAutoAttachVariables"}
[2021-07-23 09:40:59.180] [exthost] [info] ExtensionService#loadCommonJSModule file:///usr/lib/code/extensions/ms-vscode.js-debug/src/extension.js
[2021-07-23 09:40:59.254] [exthost] [info] ExtensionService#_doActivateExtension vscode.github {"startup":false,"extensionId":{"value":"vscode.github","_lower":"vscode.github"},"activationEvent":"*"}
[2021-07-23 09:40:59.254] [exthost] [info] ExtensionService#loadCommonJSModule file:///usr/lib/code/extensions/github/dist/extension.js
[2021-07-23 09:40:59.256] [exthost] [info] ExtensionService#_doActivateExtension CADENAS.vscode-glsllint {"startup":false,"extensionId":{"value":"CADENAS.vscode-glsllint","_lower":"cadenas.vscode-glsllint"},"activationEvent":"*"}
[2021-07-23 09:40:59.256] [exthost] [info] ExtensionService#loadCommonJSModule file:///home/gergoo007/.vscode-oss/extensions/cadenas.vscode-glsllint-1.4.0/dist/extension
[2021-07-23 09:40:59.337] [exthost] [info] eager extensions activated
[2021-07-23 09:40:59.357] [exthost] [info] ExtensionService#_doActivateExtension vscode.emmet {"startup":false,"extensionId":{"value":"vscode.emmet","_lower":"vscode.emmet"},"activationEvent":"onStartupFinished"}
[2021-07-23 09:40:59.357] [exthost] [info] ExtensionService#loadCommonJSModule file:///usr/lib/code/extensions/emmet/dist/node/emmetNodeMain
[2021-07-23 09:40:59.361] [exthost] [info] ExtensionService#_doActivateExtension vscode.merge-conflict {"startup":false,"extensionId":{"value":"vscode.merge-conflict","_lower":"vscode.merge-conflict"},"activationEvent":"onStartupFinished"}
[2021-07-23 09:40:59.361] [exthost] [info] ExtensionService#loadCommonJSModule file:///usr/lib/code/extensions/merge-conflict/dist/mergeConflictMain
[2021-07-23 09:40:59.362] [exthost] [info] ExtensionService#_doActivateExtension vscode.testing-editor-contributions {"startup":false,"extensionId":{"value":"vscode.testing-editor-contributions","_lower":"vscode.testing-editor-contributions"},"activationEvent":"onStartupFinished"}
[2021-07-23 09:40:59.362] [exthost] [info] ExtensionService#loadCommonJSModule file:///usr/lib/code/extensions/testing-editor-contributions/dist/extension.js
[2021-07-23 09:40:59.363] [exthost] [info] ExtensionService#_doActivateExtension esbenp.prettier-vscode {"startup":false,"extensionId":{"value":"esbenp.prettier-vscode","_lower":"esbenp.prettier-vscode"},"activationEvent":"onStartupFinished"}
[2021-07-23 09:40:59.363] [exthost] [info] ExtensionService#loadCommonJSModule file:///home/gergoo007/.vscode-oss/extensions/esbenp.prettier-vscode-6.4.0/dist/extension
[2021-07-23 09:40:59.400] [exthost] [info] ExtensionService#_doActivateExtension usernamehw.errorlens {"startup":false,"extensionId":{"value":"usernamehw.errorlens","_lower":"usernamehw.errorlens"},"activationEvent":"onStartupFinished"}
[2021-07-23 09:40:59.400] [exthost] [info] ExtensionService#loadCommonJSModule file:///home/gergoo007/.vscode-oss/extensions/usernamehw.errorlens-3.2.7/dist/extension
[2021-07-23 09:41:16.831] [exthost] [info] extension host terminating: received terminate message from renderer
[2021-07-23 09:41:17.839] [exthost] [info] exiting with code 0
[2021-07-23 09:41:17.890] [exthost] [info] extension host started
[2021-07-23 09:41:17.944] [exthost] [info] ExtensionService#_doActivateExtension aaron-bond.better-comments {"startup":false,"extensionId":{"value":"aaron-bond.better-comments","_lower":"aaron-bond.better-comments"},"activationEvent":"onLanguage:plaintext"}
[2021-07-23 09:41:17.945] [exthost] [info] ExtensionService#loadCommonJSModule file:///home/gergoo007/.vscode-oss/extensions/aaron-bond.better-comments-2.1.0/out/extension
[2021-07-23 09:41:17.946] [exthost] [info] ExtensionService#_doActivateExtension llvm-vs-code-extensions.vscode-clangd {"startup":false,"extensionId":{"value":"llvm-vs-code-extensions.vscode-clangd","_lower":"llvm-vs-code-extensions.vscode-clangd"},"activationEvent":"onLanguage:c"}
[2021-07-23 09:41:17.947] [exthost] [info] ExtensionService#loadCommonJSModule file:///home/gergoo007/.vscode-oss/extensions/llvm-vs-code-extensions.vscode-clangd-0.1.11/out/src/extension
[2021-07-23 09:41:18.079] [exthost] [info] ExtensionService#_doActivateExtension vscode.debug-auto-launch {"startup":true,"extensionId":{"value":"vscode.debug-auto-launch","_lower":"vscode.debug-auto-launch"},"activationEvent":"*"}
[2021-07-23 09:41:18.079] [exthost] [info] ExtensionService#loadCommonJSModule file:///usr/lib/code/extensions/debug-auto-launch/dist/extension
[2021-07-23 09:41:18.081] [exthost] [info] ExtensionService#_doActivateExtension vscode.git {"startup":true,"extensionId":{"value":"vscode.github","_lower":"vscode.github"},"activationEvent":"*"}
[2021-07-23 09:41:18.081] [exthost] [info] ExtensionService#loadCommonJSModule file:///usr/lib/code/extensions/git/dist/main
[2021-07-23 09:41:18.093] [exthost] [info] ExtensionService#_doActivateExtension slevesque.shader {"startup":true,"extensionId":{"value":"CADENAS.vscode-glsllint","_lower":"cadenas.vscode-glsllint"},"activationEvent":"*"}
[2021-07-23 09:41:18.093] [exthost] [info] ExtensionService#loadCommonJSModule file:///home/gergoo007/.vscode-oss/extensions/slevesque.shader-1.1.5/out/extension
[2021-07-23 09:41:18.409] [exthost] [info] ExtensionService#_doActivateExtension Equinusocio.vsc-material-theme {"startup":true,"extensionId":{"value":"Equinusocio.vsc-material-theme","_lower":"equinusocio.vsc-material-theme"},"activationEvent":"*"}
[2021-07-23 09:41:18.409] [exthost] [info] ExtensionService#loadCommonJSModule file:///home/gergoo007/.vscode-oss/extensions/equinusocio.vsc-material-theme-33.2.2/build/material.theme.config
[2021-07-23 09:41:18.413] [exthost] [info] ExtensionService#_doActivateExtension equinusocio.vsc-material-theme-icons {"startup":true,"extensionId":{"value":"equinusocio.vsc-material-theme-icons","_lower":"equinusocio.vsc-material-theme-icons"},"activationEvent":"*"}
[2021-07-23 09:41:18.413] [exthost] [info] ExtensionService#loadCommonJSModule file:///home/gergoo007/.vscode-oss/extensions/equinusocio.vsc-material-theme-icons-2.0.0/out/src/extension
[2021-07-23 09:41:18.417] [exthost] [info] ExtensionService#_doActivateExtension icrawl.discord-vscode {"startup":true,"extensionId":{"value":"icrawl.discord-vscode","_lower":"icrawl.discord-vscode"},"activationEvent":"*"}
[2021-07-23 09:41:18.417] [exthost] [info] ExtensionService#loadCommonJSModule file:///home/gergoo007/.vscode-oss/extensions/icrawl.discord-vscode-5.6.3/dist/extension
[2021-07-23 09:41:18.488] [exthost] [info] ExtensionService#_doActivateExtension ms-vscode.js-debug {"startup":false,"extensionId":{"value":"ms-vscode.js-debug","_lower":"ms-vscode.js-debug"},"activationEvent":"onCommand:extension.js-debug.clearAutoAttachVariables"}
[2021-07-23 09:41:18.488] [exthost] [info] ExtensionService#loadCommonJSModule file:///usr/lib/code/extensions/ms-vscode.js-debug/src/extension.js
[2021-07-23 09:41:18.568] [exthost] [info] ExtensionService#_doActivateExtension vscode.github {"startup":false,"extensionId":{"value":"vscode.github","_lower":"vscode.github"},"activationEvent":"*"}
[2021-07-23 09:41:18.568] [exthost] [info] ExtensionService#loadCommonJSModule file:///usr/lib/code/extensions/github/dist/extension.js
[2021-07-23 09:41:18.570] [exthost] [info] ExtensionService#_doActivateExtension CADENAS.vscode-glsllint {"startup":false,"extensionId":{"value":"CADENAS.vscode-glsllint","_lower":"cadenas.vscode-glsllint"},"activationEvent":"*"}
[2021-07-23 09:41:18.570] [exthost] [info] ExtensionService#loadCommonJSModule file:///home/gergoo007/.vscode-oss/extensions/cadenas.vscode-glsllint-1.4.0/dist/extension
[2021-07-23 09:41:18.653] [exthost] [info] eager extensions activated
[2021-07-23 09:41:18.660] [exthost] [info] ExtensionService#_doActivateExtension vscode.emmet {"startup":false,"extensionId":{"value":"vscode.emmet","_lower":"vscode.emmet"},"activationEvent":"onStartupFinished"}
[2021-07-23 09:41:18.660] [exthost] [info] ExtensionService#loadCommonJSModule file:///usr/lib/code/extensions/emmet/dist/node/emmetNodeMain
[2021-07-23 09:41:18.664] [exthost] [info] ExtensionService#_doActivateExtension vscode.merge-conflict {"startup":false,"extensionId":{"value":"vscode.merge-conflict","_lower":"vscode.merge-conflict"},"activationEvent":"onStartupFinished"}
[2021-07-23 09:41:18.664] [exthost] [info] ExtensionService#loadCommonJSModule file:///usr/lib/code/extensions/merge-conflict/dist/mergeConflictMain
[2021-07-23 09:41:18.665] [exthost] [info] ExtensionService#_doActivateExtension vscode.testing-editor-contributions {"startup":false,"extensionId":{"value":"vscode.testing-editor-contributions","_lower":"vscode.testing-editor-contributions"},"activationEvent":"onStartupFinished"}
[2021-07-23 09:41:18.665] [exthost] [info] ExtensionService#loadCommonJSModule file:///usr/lib/code/extensions/testing-editor-contributions/dist/extension.js
[2021-07-23 09:41:18.665] [exthost] [info] ExtensionService#_doActivateExtension esbenp.prettier-vscode {"startup":false,"extensionId":{"value":"esbenp.prettier-vscode","_lower":"esbenp.prettier-vscode"},"activationEvent":"onStartupFinished"}
[2021-07-23 09:41:18.665] [exthost] [info] ExtensionService#loadCommonJSModule file:///home/gergoo007/.vscode-oss/extensions/esbenp.prettier-vscode-6.4.0/dist/extension
[2021-07-23 09:41:18.705] [exthost] [info] ExtensionService#_doActivateExtension usernamehw.errorlens {"startup":false,"extensionId":{"value":"usernamehw.errorlens","_lower":"usernamehw.errorlens"},"activationEvent":"onStartupFinished"}
[2021-07-23 09:41:18.706] [exthost] [info] ExtensionService#loadCommonJSModule file:///home/gergoo007/.vscode-oss/extensions/usernamehw.errorlens-3.2.7/dist/extension
[2021-07-23 09:41:24.477] [exthost] [info] ExtensionService#_doActivateExtension jasonlhy.hungry-delete {"startup":false,"extensionId":{"value":"jasonlhy.hungry-delete","_lower":"jasonlhy.hungry-delete"},"activationEvent":"onCommand:extension.smartBackspace"}
[2021-07-23 09:41:24.477] [exthost] [info] ExtensionService#loadCommonJSModule file:///home/gergoo007/.vscode-oss/extensions/jasonlhy.hungry-delete-1.6.0/out/src/extension
[2021-07-23 09:42:05.880] [exthost] [info] ExtensionService#_doActivateExtension vscode.configuration-editing {"startup":false,"extensionId":{"value":"vscode.configuration-editing","_lower":"vscode.configuration-editing"},"activationEvent":"onLanguage:jsonc"}
[2021-07-23 09:42:05.880] [exthost] [info] ExtensionService#loadCommonJSModule file:///usr/lib/code/extensions/configuration-editing/dist/configurationEditingMain
[2021-07-23 09:42:05.884] [exthost] [info] ExtensionService#_doActivateExtension vscode.json-language-features {"startup":false,"extensionId":{"value":"vscode.json-language-features","_lower":"vscode.json-language-features"},"activationEvent":"onLanguage:jsonc"}
[2021-07-23 09:42:05.884] [exthost] [info] ExtensionService#loadCommonJSModule file:///usr/lib/code/extensions/json-language-features/client/dist/node/jsonClientMain
[2021-07-23 09:42:05.902] [exthost] [info] ExtensionService#_doActivateExtension vscode.typescript-language-features {"startup":false,"extensionId":{"value":"vscode.typescript-language-features","_lower":"vscode.typescript-language-features"},"activationEvent":"onLanguage:jsonc"}
[2021-07-23 09:42:05.902] [exthost] [info] ExtensionService#loadCommonJSModule file:///usr/lib/code/extensions/typescript-language-features/dist/extension
[2021-07-23 09:42:47.853] [exthost] [info] extension host terminating: received terminate message from renderer
[2021-07-23 09:42:48.865] [exthost] [info] exiting with code 0
