[2021-07-22 19:51:38.068] [exthost] [info] extension host started
[2021-07-22 19:51:38.175] [exthost] [info] ExtensionService#_doActivateExtension aaron-bond.better-comments {"startup":false,"extensionId":{"value":"aaron-bond.better-comments","_lower":"aaron-bond.better-comments"},"activationEvent":"onLanguage:plaintext"}
[2021-07-22 19:51:38.176] [exthost] [info] ExtensionService#loadCommonJSModule file:///home/gergoo007/.vscode-oss/extensions/aaron-bond.better-comments-2.1.0/out/extension
[2021-07-22 19:51:38.177] [exthost] [info] ExtensionService#_doActivateExtension llvm-vs-code-extensions.vscode-clangd {"startup":false,"extensionId":{"value":"llvm-vs-code-extensions.vscode-clangd","_lower":"llvm-vs-code-extensions.vscode-clangd"},"activationEvent":"onLanguage:c"}
[2021-07-22 19:51:38.178] [exthost] [info] ExtensionService#loadCommonJSModule file:///home/gergoo007/.vscode-oss/extensions/llvm-vs-code-extensions.vscode-clangd-0.1.11/out/src/extension
[2021-07-22 19:51:38.296] [exthost] [info] ExtensionService#_doActivateExtension vscode.debug-auto-launch {"startup":true,"extensionId":{"value":"vscode.debug-auto-launch","_lower":"vscode.debug-auto-launch"},"activationEvent":"*"}
[2021-07-22 19:51:38.296] [exthost] [info] ExtensionService#loadCommonJSModule file:///usr/lib/code/extensions/debug-auto-launch/dist/extension
[2021-07-22 19:51:38.297] [exthost] [info] ExtensionService#_doActivateExtension vscode.git {"startup":true,"extensionId":{"value":"vscode.github","_lower":"vscode.github"},"activationEvent":"*"}
[2021-07-22 19:51:38.297] [exthost] [info] ExtensionService#loadCommonJSModule file:///usr/lib/code/extensions/git/dist/main
[2021-07-22 19:51:38.309] [exthost] [info] ExtensionService#_doActivateExtension slevesque.shader {"startup":true,"extensionId":{"value":"CADENAS.vscode-glsllint","_lower":"cadenas.vscode-glsllint"},"activationEvent":"*"}
[2021-07-22 19:51:38.309] [exthost] [info] ExtensionService#loadCommonJSModule file:///home/gergoo007/.vscode-oss/extensions/slevesque.shader-1.1.5/out/extension
[2021-07-22 19:51:38.623] [exthost] [info] ExtensionService#_doActivateExtension Equinusocio.vsc-material-theme {"startup":true,"extensionId":{"value":"Equinusocio.vsc-material-theme","_lower":"equinusocio.vsc-material-theme"},"activationEvent":"*"}
[2021-07-22 19:51:38.623] [exthost] [info] ExtensionService#loadCommonJSModule file:///home/gergoo007/.vscode-oss/extensions/equinusocio.vsc-material-theme-33.2.2/build/material.theme.config
[2021-07-22 19:51:38.627] [exthost] [info] ExtensionService#_doActivateExtension equinusocio.vsc-material-theme-icons {"startup":true,"extensionId":{"value":"equinusocio.vsc-material-theme-icons","_lower":"equinusocio.vsc-material-theme-icons"},"activationEvent":"*"}
[2021-07-22 19:51:38.627] [exthost] [info] ExtensionService#loadCommonJSModule file:///home/gergoo007/.vscode-oss/extensions/equinusocio.vsc-material-theme-icons-2.0.0/out/src/extension
[2021-07-22 19:51:38.632] [exthost] [info] ExtensionService#_doActivateExtension icrawl.discord-vscode {"startup":true,"extensionId":{"value":"icrawl.discord-vscode","_lower":"icrawl.discord-vscode"},"activationEvent":"*"}
[2021-07-22 19:51:38.632] [exthost] [info] ExtensionService#loadCommonJSModule file:///home/gergoo007/.vscode-oss/extensions/icrawl.discord-vscode-5.6.3/dist/extension
[2021-07-22 19:51:38.738] [exthost] [info] ExtensionService#_doActivateExtension ms-vscode.js-debug {"startup":false,"extensionId":{"value":"ms-vscode.js-debug","_lower":"ms-vscode.js-debug"},"activationEvent":"onCommand:extension.js-debug.clearAutoAttachVariables"}
[2021-07-22 19:51:38.738] [exthost] [info] ExtensionService#loadCommonJSModule file:///usr/lib/code/extensions/ms-vscode.js-debug/src/extension.js
[2021-07-22 19:51:38.823] [exthost] [info] ExtensionService#_doActivateExtension vscode.github {"startup":false,"extensionId":{"value":"vscode.github","_lower":"vscode.github"},"activationEvent":"*"}
[2021-07-22 19:51:38.823] [exthost] [info] ExtensionService#loadCommonJSModule file:///usr/lib/code/extensions/github/dist/extension.js
[2021-07-22 19:51:38.825] [exthost] [info] ExtensionService#_doActivateExtension CADENAS.vscode-glsllint {"startup":false,"extensionId":{"value":"CADENAS.vscode-glsllint","_lower":"cadenas.vscode-glsllint"},"activationEvent":"*"}
[2021-07-22 19:51:38.825] [exthost] [info] ExtensionService#loadCommonJSModule file:///home/gergoo007/.vscode-oss/extensions/cadenas.vscode-glsllint-1.4.0/dist/extension
[2021-07-22 19:51:38.901] [exthost] [info] eager extensions activated
[2021-07-22 19:51:38.907] [exthost] [info] ExtensionService#_doActivateExtension vscode.emmet {"startup":false,"extensionId":{"value":"vscode.emmet","_lower":"vscode.emmet"},"activationEvent":"onStartupFinished"}
[2021-07-22 19:51:38.907] [exthost] [info] ExtensionService#loadCommonJSModule file:///usr/lib/code/extensions/emmet/dist/node/emmetNodeMain
[2021-07-22 19:51:38.911] [exthost] [info] ExtensionService#_doActivateExtension vscode.merge-conflict {"startup":false,"extensionId":{"value":"vscode.merge-conflict","_lower":"vscode.merge-conflict"},"activationEvent":"onStartupFinished"}
[2021-07-22 19:51:38.911] [exthost] [info] ExtensionService#loadCommonJSModule file:///usr/lib/code/extensions/merge-conflict/dist/mergeConflictMain
[2021-07-22 19:51:38.913] [exthost] [info] ExtensionService#_doActivateExtension vscode.testing-editor-contributions {"startup":false,"extensionId":{"value":"vscode.testing-editor-contributions","_lower":"vscode.testing-editor-contributions"},"activationEvent":"onStartupFinished"}
[2021-07-22 19:51:38.913] [exthost] [info] ExtensionService#loadCommonJSModule file:///usr/lib/code/extensions/testing-editor-contributions/dist/extension.js
[2021-07-22 19:51:38.913] [exthost] [info] ExtensionService#_doActivateExtension esbenp.prettier-vscode {"startup":false,"extensionId":{"value":"esbenp.prettier-vscode","_lower":"esbenp.prettier-vscode"},"activationEvent":"onStartupFinished"}
[2021-07-22 19:51:38.913] [exthost] [info] ExtensionService#loadCommonJSModule file:///home/gergoo007/.vscode-oss/extensions/esbenp.prettier-vscode-6.4.0/dist/extension
[2021-07-22 19:51:38.952] [exthost] [info] ExtensionService#_doActivateExtension usernamehw.errorlens {"startup":false,"extensionId":{"value":"usernamehw.errorlens","_lower":"usernamehw.errorlens"},"activationEvent":"onStartupFinished"}
[2021-07-22 19:51:38.952] [exthost] [info] ExtensionService#loadCommonJSModule file:///home/gergoo007/.vscode-oss/extensions/usernamehw.errorlens-3.2.7/dist/extension
[2021-07-22 19:51:49.987] [exthost] [info] ExtensionService#_doActivateExtension jasonlhy.hungry-delete {"startup":false,"extensionId":{"value":"jasonlhy.hungry-delete","_lower":"jasonlhy.hungry-delete"},"activationEvent":"onCommand:extension.smartBackspace"}
[2021-07-22 19:51:49.987] [exthost] [info] ExtensionService#loadCommonJSModule file:///home/gergoo007/.vscode-oss/extensions/jasonlhy.hungry-delete-1.6.0/out/src/extension
[2021-07-22 19:51:56.733] [exthost] [error] [llvm-vs-code-extensions.vscode-clangd] provider FAILED
[2021-07-22 19:51:56.733] [exthost] [error] {"_isCancelled":true,"_emitter":null}
[2021-07-22 19:54:19.322] [exthost] [error] [llvm-vs-code-extensions.vscode-clangd] provider FAILED
[2021-07-22 19:54:19.322] [exthost] [error] {"_isCancelled":true,"_emitter":null}
[2021-07-23 07:51:08.900] [exthost] [error] [llvm-vs-code-extensions.vscode-clangd] provider FAILED
[2021-07-23 07:51:08.900] [exthost] [error] {"_isCancelled":true,"_emitter":null}
[2021-07-23 08:14:28.724] [exthost] [error] [llvm-vs-code-extensions.vscode-clangd] provider FAILED
[2021-07-23 08:14:28.724] [exthost] [error] {"_isCancelled":true,"_emitter":null}
[2021-07-23 08:14:34.152] [exthost] [error] [llvm-vs-code-extensions.vscode-clangd] provider FAILED
[2021-07-23 08:14:34.152] [exthost] [error] {"_isCancelled":true,"_emitter":null}
[2021-07-23 08:20:11.248] [exthost] [error] [llvm-vs-code-extensions.vscode-clangd] provider FAILED
[2021-07-23 08:20:11.248] [exthost] [error] {"_isCancelled":true,"_emitter":null}
[2021-07-23 08:27:50.567] [exthost] [error] [llvm-vs-code-extensions.vscode-clangd] provider FAILED
[2021-07-23 08:27:50.567] [exthost] [error] {"_isCancelled":true,"_emitter":null}
[2021-07-23 08:27:53.362] [exthost] [error] [llvm-vs-code-extensions.vscode-clangd] provider FAILED
[2021-07-23 08:27:53.362] [exthost] [error] {"_isCancelled":true,"_emitter":null}
[2021-07-23 08:27:58.541] [exthost] [error] [llvm-vs-code-extensions.vscode-clangd] provider FAILED
[2021-07-23 08:27:58.541] [exthost] [error] {"_isCancelled":true,"_emitter":null}
[2021-07-23 08:27:59.586] [exthost] [error] [llvm-vs-code-extensions.vscode-clangd] provider FAILED
[2021-07-23 08:27:59.586] [exthost] [error] {"_isCancelled":true,"_emitter":null}
[2021-07-23 08:29:32.852] [exthost] [error] [llvm-vs-code-extensions.vscode-clangd] provider FAILED
[2021-07-23 08:29:32.852] [exthost] [error] {"_isCancelled":true,"_emitter":null}
[2021-07-23 08:29:34.801] [exthost] [error] [llvm-vs-code-extensions.vscode-clangd] provider FAILED
[2021-07-23 08:29:34.801] [exthost] [error] {"_isCancelled":true,"_emitter":null}
[2021-07-23 08:29:53.640] [exthost] [error] [llvm-vs-code-extensions.vscode-clangd] provider FAILED
[2021-07-23 08:29:53.640] [exthost] [error] {"_isCancelled":true,"_emitter":null}
[2021-07-23 08:29:56.403] [exthost] [error] [llvm-vs-code-extensions.vscode-clangd] provider FAILED
[2021-07-23 08:29:56.403] [exthost] [error] {"_isCancelled":true,"_emitter":null}
[2021-07-23 08:31:22.233] [exthost] [error] [llvm-vs-code-extensions.vscode-clangd] provider FAILED
[2021-07-23 08:31:22.233] [exthost] [error] {"_isCancelled":true,"_emitter":null}
[2021-07-23 08:31:24.029] [exthost] [error] [llvm-vs-code-extensions.vscode-clangd] provider FAILED
[2021-07-23 08:31:24.029] [exthost] [error] {"_isCancelled":true,"_emitter":null}
[2021-07-23 08:31:47.524] [exthost] [error] [llvm-vs-code-extensions.vscode-clangd] provider FAILED
[2021-07-23 08:31:47.524] [exthost] [error] {"_isCancelled":true,"_emitter":null}
[2021-07-23 08:32:46.935] [exthost] [error] [llvm-vs-code-extensions.vscode-clangd] provider FAILED
[2021-07-23 08:32:46.935] [exthost] [error] {"_isCancelled":true,"_emitter":null}
[2021-07-23 08:32:47.958] [exthost] [error] [llvm-vs-code-extensions.vscode-clangd] provider FAILED
[2021-07-23 08:32:47.958] [exthost] [error] {"_isCancelled":true,"_emitter":null}
[2021-07-23 08:32:49.383] [exthost] [error] [llvm-vs-code-extensions.vscode-clangd] provider FAILED
[2021-07-23 08:32:49.383] [exthost] [error] {"_isCancelled":true,"_emitter":null}
[2021-07-23 08:32:50.216] [exthost] [error] [llvm-vs-code-extensions.vscode-clangd] provider FAILED
[2021-07-23 08:32:50.216] [exthost] [error] {"_isCancelled":true,"_emitter":null}
[2021-07-23 08:32:52.191] [exthost] [error] [llvm-vs-code-extensions.vscode-clangd] provider FAILED
[2021-07-23 08:32:52.191] [exthost] [error] {"_isCancelled":true,"_emitter":null}
[2021-07-23 08:32:56.227] [exthost] [error] [llvm-vs-code-extensions.vscode-clangd] provider FAILED
[2021-07-23 08:32:56.227] [exthost] [error] {"_isCancelled":true,"_emitter":null}
[2021-07-23 08:32:59.047] [exthost] [error] [llvm-vs-code-extensions.vscode-clangd] provider FAILED
[2021-07-23 08:32:59.047] [exthost] [error] {"_isCancelled":true,"_emitter":null}
[2021-07-23 08:33:00.834] [exthost] [error] [llvm-vs-code-extensions.vscode-clangd] provider FAILED
[2021-07-23 08:33:00.834] [exthost] [error] {"_isCancelled":true,"_emitter":null}
[2021-07-23 08:33:57.059] [exthost] [error] [llvm-vs-code-extensions.vscode-clangd] provider FAILED
[2021-07-23 08:33:57.059] [exthost] [error] {"_isCancelled":true,"_emitter":null}
[2021-07-23 08:33:59.010] [exthost] [error] [llvm-vs-code-extensions.vscode-clangd] provider FAILED
[2021-07-23 08:33:59.010] [exthost] [error] {"_isCancelled":true,"_emitter":null}
[2021-07-23 08:34:30.744] [exthost] [error] [llvm-vs-code-extensions.vscode-clangd] provider FAILED
[2021-07-23 08:34:30.744] [exthost] [error] {"_isCancelled":true,"_emitter":null}
[2021-07-23 08:34:44.928] [exthost] [error] [llvm-vs-code-extensions.vscode-clangd] provider FAILED
[2021-07-23 08:34:44.928] [exthost] [error] {"_isCancelled":true,"_emitter":null}
[2021-07-23 08:34:56.133] [exthost] [error] [llvm-vs-code-extensions.vscode-clangd] provider FAILED
[2021-07-23 08:34:56.133] [exthost] [error] {"_isCancelled":true,"_emitter":null}
[2021-07-23 08:35:03.178] [exthost] [error] [llvm-vs-code-extensions.vscode-clangd] provider FAILED
[2021-07-23 08:35:03.178] [exthost] [error] {"_isCancelled":true,"_emitter":null}
[2021-07-23 08:35:15.848] [exthost] [error] [llvm-vs-code-extensions.vscode-clangd] provider FAILED
[2021-07-23 08:35:15.848] [exthost] [error] {"_isCancelled":true,"_emitter":null}
[2021-07-23 08:35:27.933] [exthost] [error] [llvm-vs-code-extensions.vscode-clangd] provider FAILED
[2021-07-23 08:35:27.933] [exthost] [error] {"_isCancelled":true,"_emitter":null}
[2021-07-23 08:35:31.095] [exthost] [error] [llvm-vs-code-extensions.vscode-clangd] provider FAILED
[2021-07-23 08:35:31.095] [exthost] [error] {"_isCancelled":true,"_emitter":null}
[2021-07-23 08:35:39.214] [exthost] [error] [llvm-vs-code-extensions.vscode-clangd] provider FAILED
[2021-07-23 08:35:39.214] [exthost] [error] {"_isCancelled":true,"_emitter":null}
[2021-07-23 08:35:44.879] [exthost] [error] [llvm-vs-code-extensions.vscode-clangd] provider FAILED
[2021-07-23 08:35:44.880] [exthost] [error] {"_isCancelled":true,"_emitter":null}
[2021-07-23 08:36:01.405] [exthost] [error] [llvm-vs-code-extensions.vscode-clangd] provider FAILED
[2021-07-23 08:36:01.405] [exthost] [error] {"_isCancelled":true,"_emitter":null}
[2021-07-23 08:36:19.302] [exthost] [error] [llvm-vs-code-extensions.vscode-clangd] provider FAILED
[2021-07-23 08:36:19.302] [exthost] [error] {"_isCancelled":true,"_emitter":null}
[2021-07-23 08:36:30.519] [exthost] [error] [llvm-vs-code-extensions.vscode-clangd] provider FAILED
[2021-07-23 08:36:30.519] [exthost] [error] {"_isCancelled":true,"_emitter":null}
[2021-07-23 08:36:34.924] [exthost] [error] [llvm-vs-code-extensions.vscode-clangd] provider FAILED
[2021-07-23 08:36:34.924] [exthost] [error] {"_isCancelled":true,"_emitter":null}
[2021-07-23 08:36:38.919] [exthost] [error] [llvm-vs-code-extensions.vscode-clangd] provider FAILED
[2021-07-23 08:36:38.919] [exthost] [error] {"_isCancelled":true,"_emitter":null}
[2021-07-23 08:36:40.123] [exthost] [error] [llvm-vs-code-extensions.vscode-clangd] provider FAILED
[2021-07-23 08:36:40.123] [exthost] [error] {"_isCancelled":true,"_emitter":null}
[2021-07-23 08:36:57.824] [exthost] [error] [llvm-vs-code-extensions.vscode-clangd] provider FAILED
[2021-07-23 08:36:57.824] [exthost] [error] {"_isCancelled":true,"_emitter":null}
[2021-07-23 08:37:09.474] [exthost] [error] [llvm-vs-code-extensions.vscode-clangd] provider FAILED
[2021-07-23 08:37:09.474] [exthost] [error] {"_isCancelled":true,"_emitter":null}
[2021-07-23 08:37:12.719] [exthost] [error] [llvm-vs-code-extensions.vscode-clangd] provider FAILED
[2021-07-23 08:37:12.719] [exthost] [error] {"_isCancelled":true,"_emitter":null}
[2021-07-23 08:37:14.164] [exthost] [error] [llvm-vs-code-extensions.vscode-clangd] provider FAILED
[2021-07-23 08:37:14.164] [exthost] [error] {"_isCancelled":true,"_emitter":null}
[2021-07-23 08:37:14.734] [exthost] [error] [llvm-vs-code-extensions.vscode-clangd] provider FAILED
[2021-07-23 08:37:14.734] [exthost] [error] {"_isCancelled":true,"_emitter":null}
[2021-07-23 08:38:40.099] [exthost] [error] [llvm-vs-code-extensions.vscode-clangd] provider FAILED
[2021-07-23 08:38:40.099] [exthost] [error] {"_isCancelled":true,"_emitter":null}
[2021-07-23 08:38:40.705] [exthost] [error] [llvm-vs-code-extensions.vscode-clangd] provider FAILED
[2021-07-23 08:38:40.705] [exthost] [error] {"_isCancelled":true,"_emitter":null}
[2021-07-23 08:54:03.170] [exthost] [error] [llvm-vs-code-extensions.vscode-clangd] provider FAILED
[2021-07-23 08:54:03.170] [exthost] [error] {"_isCancelled":true,"_emitter":null}
[2021-07-23 08:59:33.686] [exthost] [error] [llvm-vs-code-extensions.vscode-clangd] provider FAILED
[2021-07-23 08:59:33.686] [exthost] [error] {"_isCancelled":true,"_emitter":null}
[2021-07-23 08:59:40.022] [exthost] [error] [llvm-vs-code-extensions.vscode-clangd] provider FAILED
[2021-07-23 08:59:40.022] [exthost] [error] {"_isCancelled":true,"_emitter":null}
[2021-07-23 08:59:41.623] [exthost] [error] [llvm-vs-code-extensions.vscode-clangd] provider FAILED
[2021-07-23 08:59:41.623] [exthost] [error] {"_isCancelled":true,"_emitter":null}
[2021-07-23 09:00:03.810] [exthost] [error] [llvm-vs-code-extensions.vscode-clangd] provider FAILED
[2021-07-23 09:00:03.810] [exthost] [error] {"_isCancelled":true,"_emitter":null}
[2021-07-23 09:02:12.708] [exthost] [error] [llvm-vs-code-extensions.vscode-clangd] provider FAILED
[2021-07-23 09:02:12.708] [exthost] [error] {"_isCancelled":true,"_emitter":null}
[2021-07-23 09:02:14.575] [exthost] [error] [llvm-vs-code-extensions.vscode-clangd] provider FAILED
[2021-07-23 09:02:14.575] [exthost] [error] {"_isCancelled":true,"_emitter":null}
[2021-07-23 09:02:14.576] [exthost] [error] [llvm-vs-code-extensions.vscode-clangd] provider FAILED
[2021-07-23 09:02:14.577] [exthost] [error] {"_isCancelled":true,"_emitter":null}
[2021-07-23 09:02:45.632] [exthost] [error] [llvm-vs-code-extensions.vscode-clangd] provider FAILED
[2021-07-23 09:02:45.632] [exthost] [error] {"_isCancelled":true,"_emitter":null}
[2021-07-23 09:02:45.959] [exthost] [error] [llvm-vs-code-extensions.vscode-clangd] provider FAILED
[2021-07-23 09:02:45.959] [exthost] [error] {"_isCancelled":true,"_emitter":null}
[2021-07-23 09:02:46.778] [exthost] [error] [llvm-vs-code-extensions.vscode-clangd] provider FAILED
[2021-07-23 09:02:46.778] [exthost] [error] {"_isCancelled":true,"_emitter":null}
[2021-07-23 09:02:47.241] [exthost] [error] [llvm-vs-code-extensions.vscode-clangd] provider FAILED
[2021-07-23 09:02:47.241] [exthost] [error] {"_isCancelled":true,"_emitter":null}
[2021-07-23 09:03:27.690] [exthost] [error] [llvm-vs-code-extensions.vscode-clangd] provider FAILED
[2021-07-23 09:03:27.690] [exthost] [error] {"_isCancelled":true,"_emitter":null}
[2021-07-23 09:03:32.929] [exthost] [error] [llvm-vs-code-extensions.vscode-clangd] provider FAILED
[2021-07-23 09:03:32.929] [exthost] [error] {"_isCancelled":true,"_emitter":null}
[2021-07-23 09:03:34.721] [exthost] [error] [llvm-vs-code-extensions.vscode-clangd] provider FAILED
[2021-07-23 09:03:34.721] [exthost] [error] {"_isCancelled":true,"_emitter":null}
[2021-07-23 09:03:35.857] [exthost] [error] [llvm-vs-code-extensions.vscode-clangd] provider FAILED
[2021-07-23 09:03:35.857] [exthost] [error] {"_isCancelled":true,"_emitter":null}
[2021-07-23 09:03:45.349] [exthost] [error] [llvm-vs-code-extensions.vscode-clangd] provider FAILED
[2021-07-23 09:03:45.349] [exthost] [error] {"_isCancelled":true,"_emitter":null}
[2021-07-23 09:05:25.356] [exthost] [error] [llvm-vs-code-extensions.vscode-clangd] provider FAILED
[2021-07-23 09:05:25.356] [exthost] [error] {"_isCancelled":true,"_emitter":null}
[2021-07-23 09:15:47.365] [exthost] [error] [llvm-vs-code-extensions.vscode-clangd] provider FAILED
[2021-07-23 09:15:47.365] [exthost] [error] {"_isCancelled":true,"_emitter":null}
[2021-07-23 09:15:58.233] [exthost] [error] [llvm-vs-code-extensions.vscode-clangd] provider FAILED
[2021-07-23 09:15:58.233] [exthost] [error] {"_isCancelled":true,"_emitter":null}
[2021-07-23 09:17:52.499] [exthost] [error] [llvm-vs-code-extensions.vscode-clangd] provider FAILED
[2021-07-23 09:17:52.499] [exthost] [error] {"_isCancelled":true,"_emitter":null}
[2021-07-23 09:20:45.794] [exthost] [error] [llvm-vs-code-extensions.vscode-clangd] provider FAILED
[2021-07-23 09:20:45.794] [exthost] [error] {"_isCancelled":true,"_emitter":null}
[2021-07-23 09:20:46.257] [exthost] [error] [llvm-vs-code-extensions.vscode-clangd] provider FAILED
[2021-07-23 09:20:46.257] [exthost] [error] {"_isCancelled":true,"_emitter":null}
[2021-07-23 09:21:00.104] [exthost] [error] [llvm-vs-code-extensions.vscode-clangd] provider FAILED
[2021-07-23 09:21:00.104] [exthost] [error] {"_isCancelled":true,"_emitter":null}
[2021-07-23 09:21:05.217] [exthost] [error] [llvm-vs-code-extensions.vscode-clangd] provider FAILED
[2021-07-23 09:21:05.217] [exthost] [error] {"_isCancelled":true,"_emitter":null}
[2021-07-23 09:21:52.008] [exthost] [error] [llvm-vs-code-extensions.vscode-clangd] provider FAILED
[2021-07-23 09:21:52.008] [exthost] [error] {"_isCancelled":true,"_emitter":null}
[2021-07-23 09:23:34.563] [exthost] [error] [llvm-vs-code-extensions.vscode-clangd] provider FAILED
[2021-07-23 09:23:34.563] [exthost] [error] {"_isCancelled":true,"_emitter":null}
[2021-07-23 09:23:39.139] [exthost] [error] [llvm-vs-code-extensions.vscode-clangd] provider FAILED
[2021-07-23 09:23:39.139] [exthost] [error] {"_isCancelled":true,"_emitter":null}
[2021-07-23 09:25:28.363] [exthost] [error] [llvm-vs-code-extensions.vscode-clangd] provider FAILED
[2021-07-23 09:25:28.363] [exthost] [error] {"_isCancelled":true,"_emitter":null}
[2021-07-23 09:34:05.712] [exthost] [error] [llvm-vs-code-extensions.vscode-clangd] provider FAILED
[2021-07-23 09:34:05.712] [exthost] [error] {"_isCancelled":true,"_emitter":null}
[2021-07-23 09:36:21.281] [exthost] [error] [llvm-vs-code-extensions.vscode-clangd] provider FAILED
[2021-07-23 09:36:21.281] [exthost] [error] {"_isCancelled":true,"_emitter":null}
[2021-07-23 09:37:27.739] [exthost] [error] [llvm-vs-code-extensions.vscode-clangd] provider FAILED
[2021-07-23 09:37:27.739] [exthost] [error] {"_isCancelled":true,"_emitter":null}
[2021-07-23 09:37:28.201] [exthost] [error] [llvm-vs-code-extensions.vscode-clangd] provider FAILED
[2021-07-23 09:37:28.201] [exthost] [error] {"_isCancelled":true,"_emitter":null}
[2021-07-23 09:45:12.077] [exthost] [error] [llvm-vs-code-extensions.vscode-clangd] provider FAILED
[2021-07-23 09:45:12.077] [exthost] [error] {"_isCancelled":true,"_emitter":null}
[2021-07-23 10:17:35.579] [exthost] [error] [llvm-vs-code-extensions.vscode-clangd] provider FAILED
[2021-07-23 10:17:35.579] [exthost] [error] {"_isCancelled":true,"_emitter":null}
[2021-07-23 10:17:46.796] [exthost] [error] [llvm-vs-code-extensions.vscode-clangd] provider FAILED
[2021-07-23 10:17:46.796] [exthost] [error] {"_isCancelled":true,"_emitter":null}
