Looking for git in: git
Using git 2.32.0 from git
Opening repository for path='/home/gergoo007/et_cetera/projects/myos/bootloader/gnu-efi/bootloader' failed; ex=Failed to execute git {
  "exitCode": 128,
  "gitErrorCode": "NotAGitRepository",
  "gitCommand": "rev-parse",
  "stdout": "",
  "stderr": "fatal: not a git repository (or any parent up to mount point /home/gergoo007)\nStopping at filesystem boundary (GIT_DISCOVERY_ACROSS_FILESYSTEM not set).\n"
}
Opening repository for path='/home/gergoo007/et_cetera/projects/myos/bootloader/gnu-efi/bootloader' failed; ex=Failed to execute git {
  "exitCode": 128,
  "gitErrorCode": "NotAGitRepository",
  "gitCommand": "rev-parse",
  "stdout": "",
  "stderr": "fatal: not a git repository (or any parent up to mount point /home/gergoo007)\nStopping at filesystem boundary (GIT_DISCOVERY_ACROSS_FILESYSTEM not set).\n"
}
Opening repository for path='/home/gergoo007/et_cetera/projects/myos/bootloader/gnu-efi/bootloader/.vscode' failed; ex=Failed to execute git {
  "exitCode": 128,
  "gitErrorCode": "NotAGitRepository",
  "gitCommand": "rev-parse",
  "stdout": "",
  "stderr": "fatal: not a git repository (or any parent up to mount point /home/gergoo007)\nStopping at filesystem boundary (GIT_DISCOVERY_ACROSS_FILESYSTEM not set).\n"
}
Opening repository for path='/home/gergoo007/et_cetera/projects/myos/bootloader/gnu-efi/bootloader/Makefile' failed; ex=Error: spawn ENOTDIR
Opening repository for path='/home/gergoo007/et_cetera/projects/myos/bootloader/gnu-efi/bootloader/main.c' failed; ex=Error: spawn ENOTDIR
