[2021-07-22 19:48:18.744] [exthost] [info] extension host started
[2021-07-22 19:48:18.807] [exthost] [info] ExtensionService#_doActivateExtension aaron-bond.better-comments {"startup":false,"extensionId":{"value":"aaron-bond.better-comments","_lower":"aaron-bond.better-comments"},"activationEvent":"onLanguage:plaintext"}
[2021-07-22 19:48:18.807] [exthost] [info] ExtensionService#loadCommonJSModule file:///home/gergoo007/.vscode-oss/extensions/aaron-bond.better-comments-2.1.0/out/extension
[2021-07-22 19:48:18.811] [exthost] [info] ExtensionService#_doActivateExtension llvm-vs-code-extensions.vscode-clangd {"startup":false,"extensionId":{"value":"llvm-vs-code-extensions.vscode-clangd","_lower":"llvm-vs-code-extensions.vscode-clangd"},"activationEvent":"onLanguage:c"}
[2021-07-22 19:48:18.811] [exthost] [info] ExtensionService#loadCommonJSModule file:///home/gergoo007/.vscode-oss/extensions/llvm-vs-code-extensions.vscode-clangd-0.1.11/out/src/extension
[2021-07-22 19:48:19.166] [exthost] [info] ExtensionService#_doActivateExtension vscode.debug-auto-launch {"startup":true,"extensionId":{"value":"vscode.debug-auto-launch","_lower":"vscode.debug-auto-launch"},"activationEvent":"*"}
[2021-07-22 19:48:19.166] [exthost] [info] ExtensionService#loadCommonJSModule file:///usr/lib/code/extensions/debug-auto-launch/dist/extension
[2021-07-22 19:48:19.170] [exthost] [info] ExtensionService#_doActivateExtension vscode.git {"startup":true,"extensionId":{"value":"vscode.github","_lower":"vscode.github"},"activationEvent":"*"}
[2021-07-22 19:48:19.170] [exthost] [info] ExtensionService#loadCommonJSModule file:///usr/lib/code/extensions/git/dist/main
[2021-07-22 19:48:19.187] [exthost] [info] ExtensionService#_doActivateExtension slevesque.shader {"startup":true,"extensionId":{"value":"CADENAS.vscode-glsllint","_lower":"cadenas.vscode-glsllint"},"activationEvent":"*"}
[2021-07-22 19:48:19.187] [exthost] [info] ExtensionService#loadCommonJSModule file:///home/gergoo007/.vscode-oss/extensions/slevesque.shader-1.1.5/out/extension
[2021-07-22 19:48:19.977] [exthost] [info] ExtensionService#_doActivateExtension Equinusocio.vsc-material-theme {"startup":true,"extensionId":{"value":"Equinusocio.vsc-material-theme","_lower":"equinusocio.vsc-material-theme"},"activationEvent":"*"}
[2021-07-22 19:48:19.977] [exthost] [info] ExtensionService#loadCommonJSModule file:///home/gergoo007/.vscode-oss/extensions/equinusocio.vsc-material-theme-33.2.2/build/material.theme.config
[2021-07-22 19:48:19.988] [exthost] [info] ExtensionService#_doActivateExtension equinusocio.vsc-material-theme-icons {"startup":true,"extensionId":{"value":"equinusocio.vsc-material-theme-icons","_lower":"equinusocio.vsc-material-theme-icons"},"activationEvent":"*"}
[2021-07-22 19:48:19.988] [exthost] [info] ExtensionService#loadCommonJSModule file:///home/gergoo007/.vscode-oss/extensions/equinusocio.vsc-material-theme-icons-2.0.0/out/src/extension
[2021-07-22 19:48:20.001] [exthost] [info] ExtensionService#_doActivateExtension icrawl.discord-vscode {"startup":true,"extensionId":{"value":"icrawl.discord-vscode","_lower":"icrawl.discord-vscode"},"activationEvent":"*"}
[2021-07-22 19:48:20.001] [exthost] [info] ExtensionService#loadCommonJSModule file:///home/gergoo007/.vscode-oss/extensions/icrawl.discord-vscode-5.6.3/dist/extension
[2021-07-22 19:48:20.084] [exthost] [info] ExtensionService#_doActivateExtension ms-vscode.js-debug {"startup":false,"extensionId":{"value":"ms-vscode.js-debug","_lower":"ms-vscode.js-debug"},"activationEvent":"onCommand:extension.js-debug.clearAutoAttachVariables"}
[2021-07-22 19:48:20.084] [exthost] [info] ExtensionService#loadCommonJSModule file:///usr/lib/code/extensions/ms-vscode.js-debug/src/extension.js
[2021-07-22 19:48:20.186] [exthost] [info] ExtensionService#_doActivateExtension vscode.github {"startup":false,"extensionId":{"value":"vscode.github","_lower":"vscode.github"},"activationEvent":"*"}
[2021-07-22 19:48:20.186] [exthost] [info] ExtensionService#loadCommonJSModule file:///usr/lib/code/extensions/github/dist/extension.js
[2021-07-22 19:48:20.191] [exthost] [info] ExtensionService#_doActivateExtension CADENAS.vscode-glsllint {"startup":false,"extensionId":{"value":"CADENAS.vscode-glsllint","_lower":"cadenas.vscode-glsllint"},"activationEvent":"*"}
[2021-07-22 19:48:20.191] [exthost] [info] ExtensionService#loadCommonJSModule file:///home/gergoo007/.vscode-oss/extensions/cadenas.vscode-glsllint-1.4.0/dist/extension
[2021-07-22 19:48:20.283] [exthost] [error] Activating extension icrawl.discord-vscode failed due to an error:
[2021-07-22 19:48:20.283] [exthost] [error] TypeError: Cannot read property 'write' of null
	at IPCTransport.send (/home/gergoo007/.vscode-oss/extensions/icrawl.discord-vscode-5.6.3/dist/extension.js:2:22224)
	at /home/gergoo007/.vscode-oss/extensions/icrawl.discord-vscode-5.6.3/dist/extension.js:2:22311
	at new Promise (<anonymous>)
	at IPCTransport.close (/home/gergoo007/.vscode-oss/extensions/icrawl.discord-vscode-5.6.3/dist/extension.js:2:22268)
	at RPCClient.destroy (/home/gergoo007/.vscode-oss/extensions/icrawl.discord-vscode-5.6.3/dist/extension.js:2:15981)
	at login (/home/gergoo007/.vscode-oss/extensions/icrawl.discord-vscode-5.6.3/dist/extension.js:2:142647)
	at processTicksAndRejections (internal/process/task_queues.js:93:5)
	at async activate (/home/gergoo007/.vscode-oss/extensions/icrawl.discord-vscode-5.6.3/dist/extension.js:2:144474)
[2021-07-22 19:48:20.283] [exthost] [info] eager extensions activated
[2021-07-22 19:48:20.286] [exthost] [info] ExtensionService#_doActivateExtension vscode.emmet {"startup":false,"extensionId":{"value":"vscode.emmet","_lower":"vscode.emmet"},"activationEvent":"onStartupFinished"}
[2021-07-22 19:48:20.286] [exthost] [info] ExtensionService#loadCommonJSModule file:///usr/lib/code/extensions/emmet/dist/node/emmetNodeMain
[2021-07-22 19:48:20.295] [exthost] [info] ExtensionService#_doActivateExtension vscode.merge-conflict {"startup":false,"extensionId":{"value":"vscode.merge-conflict","_lower":"vscode.merge-conflict"},"activationEvent":"onStartupFinished"}
[2021-07-22 19:48:20.295] [exthost] [info] ExtensionService#loadCommonJSModule file:///usr/lib/code/extensions/merge-conflict/dist/mergeConflictMain
[2021-07-22 19:48:20.298] [exthost] [info] ExtensionService#_doActivateExtension vscode.testing-editor-contributions {"startup":false,"extensionId":{"value":"vscode.testing-editor-contributions","_lower":"vscode.testing-editor-contributions"},"activationEvent":"onStartupFinished"}
[2021-07-22 19:48:20.298] [exthost] [info] ExtensionService#loadCommonJSModule file:///usr/lib/code/extensions/testing-editor-contributions/dist/extension.js
[2021-07-22 19:48:20.308] [exthost] [info] ExtensionService#_doActivateExtension esbenp.prettier-vscode {"startup":false,"extensionId":{"value":"esbenp.prettier-vscode","_lower":"esbenp.prettier-vscode"},"activationEvent":"onStartupFinished"}
[2021-07-22 19:48:20.308] [exthost] [info] ExtensionService#loadCommonJSModule file:///home/gergoo007/.vscode-oss/extensions/esbenp.prettier-vscode-6.4.0/dist/extension
[2021-07-22 19:48:20.379] [exthost] [info] ExtensionService#_doActivateExtension usernamehw.errorlens {"startup":false,"extensionId":{"value":"usernamehw.errorlens","_lower":"usernamehw.errorlens"},"activationEvent":"onStartupFinished"}
[2021-07-22 19:48:20.379] [exthost] [info] ExtensionService#loadCommonJSModule file:///home/gergoo007/.vscode-oss/extensions/usernamehw.errorlens-3.2.7/dist/extension
[2021-07-22 19:50:30.010] [exthost] [info] ExtensionService#_doActivateExtension jasonlhy.hungry-delete {"startup":false,"extensionId":{"value":"jasonlhy.hungry-delete","_lower":"jasonlhy.hungry-delete"},"activationEvent":"onCommand:extension.smartBackspace"}
[2021-07-22 19:50:30.010] [exthost] [info] ExtensionService#loadCommonJSModule file:///home/gergoo007/.vscode-oss/extensions/jasonlhy.hungry-delete-1.6.0/out/src/extension
[2021-07-22 19:51:35.142] [exthost] [info] extension host terminating: received terminate message from renderer
[2021-07-22 19:51:36.158] [exthost] [info] exiting with code 0
